# JRE version: Java(TM) SE Runtime Environment (10.0.2+13) (build 10.0.2+13)
# Java VM: Java HotSpot(TM) 64-Bit Server VM (10.0.2+13, mixed mode, tiered, compressed oops, g1 gc, bsd-amd64)
Heap:
 garbage-first heap   total 315392K, used 53940K [0x00000006c0000000, 0x00000007c0000000)
  region size 1024K, 49 young (50176K), 13 survivors (13312K)
 Metaspace       used 50961K, capacity 51876K, committed 52352K, reserved 1095680K
  class space    used 6060K, capacity 6435K, committed 6528K, reserved 1048576K
GC Heap History (10 events):
Event: 1.497 GC heap before
{Heap before GC invocations=2 (full 0):
 garbage-first heap   total 262144K, used 34781K [0x00000006c0000000, 0x00000007c0000000)
  region size 1024K, 30 young (30720K), 2 survivors (2048K)
 Metaspace       used 15692K, capacity 15923K, committed 16256K, reserved 1064960K
  class space    used 1467K, capacity 1542K, committed 1664K, reserved 1048576K
}
Event: 1.501 GC heap after
{Heap after GC invocations=3 (full 0):
 garbage-first heap   total 262144K, used 6770K [0x00000006c0000000, 0x00000007c0000000)
  region size 1024K, 2 young (2048K), 2 survivors (2048K)
 Metaspace       used 15692K, capacity 15923K, committed 16256K, reserved 1064960K
  class space    used 1467K, capacity 1542K, committed 1664K, reserved 1048576K
}
Event: 2.512 GC heap before
{Heap before GC invocations=3 (full 0):
 garbage-first heap   total 262144K, used 62066K [0x00000006c0000000, 0x00000007c0000000)
  region size 1024K, 57 young (58368K), 2 survivors (2048K)
 Metaspace       used 20688K, capacity 21025K, committed 21248K, reserved 1069056K
  class space    used 2124K, capacity 2266K, committed 2304K, reserved 1048576K
}
Event: 2.519 GC heap after
{Heap after GC invocations=4 (full 0):
 garbage-first heap   total 262144K, used 8023K [0x00000006c0000000, 0x00000007c0000000)
  region size 1024K, 4 young (4096K), 4 survivors (4096K)
 Metaspace       used 20688K, capacity 21025K, committed 21248K, reserved 1069056K
  class space    used 2124K, capacity 2266K, committed 2304K, reserved 1048576K
}
Event: 3.232 GC heap before
{Heap before GC invocations=5 (full 0):
 garbage-first heap   total 262144K, used 83799K [0x00000006c0000000, 0x00000007c0000000)
  region size 1024K, 78 young (79872K), 4 survivors (4096K)
 Metaspace       used 23230K, capacity 23805K, committed 24064K, reserved 1071104K
  class space    used 2455K, capacity 2690K, committed 2816K, reserved 1048576K
}
Event: 3.241 GC heap after
{Heap after GC invocations=6 (full 0):
 garbage-first heap   total 315392K, used 9415K [0x00000006c0000000, 0x00000007c0000000)
  region size 1024K, 5 young (5120K), 5 survivors (5120K)
 Metaspace       used 23230K, capacity 23805K, committed 24064K, reserved 1071104K
  class space    used 2455K, capacity 2690K, committed 2816K, reserved 1048576K
}
Event: 5.209 GC heap before
{Heap before GC invocations=6 (full 0):
 garbage-first heap   total 315392K, used 137415K [0x00000006c0000000, 0x00000007c0000000)
  region size 1024K, 131 young (134144K), 5 survivors (5120K)
 Metaspace       used 34855K, capacity 35579K, committed 35840K, reserved 1081344K
  class space    used 3816K, capacity 4084K, committed 4096K, reserved 1048576K
}
Event: 5.226 GC heap after
{Heap after GC invocations=7 (full 0):
 garbage-first heap   total 315392K, used 14996K [0x00000006c0000000, 0x00000007c0000000)
  region size 1024K, 10 young (10240K), 10 survivors (10240K)
 Metaspace       used 34855K, capacity 35579K, committed 35840K, reserved 1081344K
  class space    used 3816K, capacity 4084K, committed 4096K, reserved 1048576K
}
Event: 7.305 GC heap before
{Heap before GC invocations=8 (full 0):
 garbage-first heap   total 315392K, used 180884K [0x00000006c0000000, 0x00000007c0000000)
  region size 1024K, 172 young (176128K), 10 survivors (10240K)
 Metaspace       used 47859K, capacity 48832K, committed 49408K, reserved 1093632K
  class space    used 5743K, capacity 6106K, committed 6144K, reserved 1048576K
}
Event: 7.329 GC heap after
{Heap after GC invocations=9 (full 0):
 garbage-first heap   total 315392K, used 18100K [0x00000006c0000000, 0x00000007c0000000)
  region size 1024K, 13 young (13312K), 13 survivors (13312K)
 Metaspace       used 47859K, capacity 48832K, committed 49408K, reserved 1093632K
  class space    used 5743K, capacity 6106K, committed 6144K, reserved 1048576K
}

